 WARN [2017-08-29 11:37:35,942] (BaseRetryAspect.java:isLoginExceptionRetryable:124) - Login evaluation deemed exception not retry-able:
 LoginFault: Invalid username, password, security token; or user locked out.
 WARN [2017-08-29 11:37:35,967] (BaseRetryAspect.java:isConnectionExceptionRetryable:159) - Connection evaluation deemed exception not retry-able:
 LoginFault: Invalid username, password, security token; or user locked out.
 WARN [2017-08-29 11:37:35,973] (ProjectController.java:getRemotePackageNames:862) - Unable to get project packages for project 'UHG_Dev': Invalid username, password, security token; or user locked out.
 WARN [2017-08-29 11:37:36,029] (ProjectOrganizationPage.java:prepareNextPage:263) - Unable to login: Invalid username, password, security token; or user locked out.
 WARN [2017-08-29 11:37:53,945] (BaseRetryAspect.java:isLoginExceptionRetryable:124) - Login evaluation deemed exception not retry-able:
 LoginFault: Invalid username, password, security token; or user locked out.
 WARN [2017-08-29 11:37:53,952] (BaseRetryAspect.java:isConnectionExceptionRetryable:159) - Connection evaluation deemed exception not retry-able:
 LoginFault: Invalid username, password, security token; or user locked out.
 WARN [2017-08-29 11:37:53,959] (ProjectController.java:getRemotePackageNames:862) - Unable to get project packages for project 'UHG_Dev': Invalid username, password, security token; or user locked out.
 WARN [2017-08-29 11:37:53,995] (ProjectOrganizationPage.java:prepareNextPage:263) - Unable to login: Invalid username, password, security token; or user locked out.
 WARN [2017-08-29 11:39:00,643] (BaseRetryAspect.java:isLoginExceptionRetryable:124) - Login evaluation deemed exception not retry-able:
 LoginFault: Invalid username, password, security token; or user locked out.
 WARN [2017-08-29 11:39:00,650] (BaseRetryAspect.java:isConnectionExceptionRetryable:159) - Connection evaluation deemed exception not retry-able:
 LoginFault: Invalid username, password, security token; or user locked out.
 WARN [2017-08-29 11:39:00,658] (ProjectController.java:getRemotePackageNames:862) - Unable to get project packages for project 'UHG_Dev': Invalid username, password, security token; or user locked out.
 WARN [2017-08-29 11:39:00,701] (ProjectOrganizationPage.java:prepareNextPage:263) - Unable to login: Invalid username, password, security token; or user locked out.
 WARN [2017-08-29 11:39:32,324] (Utils.java:loadDocument:807) - Unable to load document: C:\Users\mangesh_belsare\workspace\UHG_Dev\.metadata\.plugins\com.salesforce.ide.core\packageCache.xml (The system cannot find the file specified)
 WARN [2017-08-29 11:44:11,272] (ComponentResource.java:loadFromFile:430) - File 'src/package.xml' does not exist
ERROR [2017-08-29 11:44:29,213] (SyncServiceListenerBroadcaster.java:handleException:59) - Error executing a contributed ISyncServiceListener
java.lang.NullPointerException
	at com.salesforce.ide.core.model.ComponentList.getComponentFactory(ComponentList.java:59)
	at com.salesforce.ide.core.model.ComponentList.getComponentListForComponentType(ComponentList.java:261)
	at com.salesforce.ide.debug.ui.sync.SyncActionListener.collectDebuggerElements(SyncActionListener.java:145)
	at com.salesforce.ide.debug.ui.sync.SyncActionListener.collectApexDebuggerElementsWithOpenedEditors(SyncActionListener.java:120)
	at com.salesforce.ide.debug.ui.sync.SyncActionListener.projectSync(SyncActionListener.java:113)
	at com.salesforce.ide.core.services.hooks.SyncServiceListenerBroadcaster$1.run(SyncServiceListenerBroadcaster.java:54)
	at org.eclipse.core.runtime.SafeRunner.run(SafeRunner.java:42)
	at org.eclipse.ui.internal.JFaceUtil$1.run(JFaceUtil.java:50)
	at org.eclipse.jface.util.SafeRunnable.run(SafeRunnable.java:173)
	at com.salesforce.ide.core.services.hooks.SyncServiceListenerBroadcaster.executeExtension(SyncServiceListenerBroadcaster.java:62)
	at com.salesforce.ide.core.services.hooks.SyncServiceListenerBroadcaster.broadcast(SyncServiceListenerBroadcaster.java:40)
	at com.salesforce.ide.core.model.ProjectPackageList.saveResources(ProjectPackageList.java:1066)
	at com.salesforce.ide.core.model.ProjectPackageList.saveResources(ProjectPackageList.java:996)
	at com.salesforce.ide.core.services.ForceProjectRefreshJob$ForceProjectRefreshProject.doSaveResources(ForceProjectRefreshJob.java:62)
	at com.salesforce.ide.core.services.ForceProjectRefreshJob.runInWorkspace(ForceProjectRefreshJob.java:42)
	at org.eclipse.core.internal.resources.InternalWorkspaceJob.run(InternalWorkspaceJob.java:39)
	at org.eclipse.core.internal.jobs.Worker.run(Worker.java:55)
ERROR [2017-08-29 12:12:26,751] (SyncServiceListenerBroadcaster.java:handleException:59) - Error executing a contributed ISyncServiceListener
java.lang.NullPointerException
	at com.salesforce.ide.core.model.ComponentList.getComponentFactory(ComponentList.java:59)
	at com.salesforce.ide.core.model.ComponentList.getComponentListForComponentType(ComponentList.java:261)
	at com.salesforce.ide.debug.ui.sync.SyncActionListener.collectDebuggerElements(SyncActionListener.java:145)
	at com.salesforce.ide.debug.ui.sync.SyncActionListener.collectApexDebuggerElementsWithOpenedEditors(SyncActionListener.java:120)
	at com.salesforce.ide.debug.ui.sync.SyncActionListener.projectSync(SyncActionListener.java:113)
	at com.salesforce.ide.core.services.hooks.SyncServiceListenerBroadcaster$1.run(SyncServiceListenerBroadcaster.java:54)
	at org.eclipse.core.runtime.SafeRunner.run(SafeRunner.java:42)
	at org.eclipse.ui.internal.JFaceUtil$1.run(JFaceUtil.java:50)
	at org.eclipse.jface.util.SafeRunnable.run(SafeRunnable.java:173)
	at com.salesforce.ide.core.services.hooks.SyncServiceListenerBroadcaster.executeExtension(SyncServiceListenerBroadcaster.java:62)
	at com.salesforce.ide.core.services.hooks.SyncServiceListenerBroadcaster.broadcast(SyncServiceListenerBroadcaster.java:40)
	at com.salesforce.ide.core.model.ProjectPackageList.saveResources(ProjectPackageList.java:1066)
	at com.salesforce.ide.core.model.ProjectPackageList.saveResources(ProjectPackageList.java:1000)
	at com.salesforce.ide.core.services.ProjectService$1.run(ProjectService.java:2153)
	at org.eclipse.core.internal.resources.Workspace.run(Workspace.java:2240)
	at org.eclipse.core.internal.resources.Workspace.run(Workspace.java:2267)
	at com.salesforce.ide.core.services.ProjectService.handleRetrieveResult(ProjectService.java:2149)
	at com.salesforce.ide.ui.actions.RefreshResourceActionController.refreshSourceFolder(RefreshResourceActionController.java:214)
	at com.salesforce.ide.ui.actions.RefreshResourceActionController.handleSourceRefresh(RefreshResourceActionController.java:172)
	at com.salesforce.ide.ui.actions.RefreshResourceActionController.refreshResources(RefreshResourceActionController.java:127)
	at com.salesforce.ide.ui.handlers.RefreshResourceHandler$1.execute(RefreshResourceHandler.java:87)
	at org.eclipse.ui.actions.WorkspaceModifyOperation.lambda$0(WorkspaceModifyOperation.java:107)
	at org.eclipse.core.internal.resources.Workspace.run(Workspace.java:2240)
	at org.eclipse.core.internal.resources.Workspace.run(Workspace.java:2267)
	at org.eclipse.ui.actions.WorkspaceModifyOperation.run(WorkspaceModifyOperation.java:128)
	at org.eclipse.jface.operation.ModalContext$ModalContextThread.run(ModalContext.java:119)
ERROR [2017-08-29 12:33:10,217] (SyncServiceListenerBroadcaster.java:handleException:59) - Error executing a contributed ISyncServiceListener
java.lang.NullPointerException
	at com.salesforce.ide.core.model.ComponentList.getComponentFactory(ComponentList.java:59)
	at com.salesforce.ide.core.model.ComponentList.getComponentListForComponentType(ComponentList.java:261)
	at com.salesforce.ide.debug.ui.sync.SyncActionListener.collectDebuggerElements(SyncActionListener.java:145)
	at com.salesforce.ide.debug.ui.sync.SyncActionListener.collectApexDebuggerElementsWithOpenedEditors(SyncActionListener.java:120)
	at com.salesforce.ide.debug.ui.sync.SyncActionListener.projectSync(SyncActionListener.java:113)
	at com.salesforce.ide.core.services.hooks.SyncServiceListenerBroadcaster$1.run(SyncServiceListenerBroadcaster.java:54)
	at org.eclipse.core.runtime.SafeRunner.run(SafeRunner.java:42)
	at org.eclipse.ui.internal.JFaceUtil$1.run(JFaceUtil.java:50)
	at org.eclipse.jface.util.SafeRunnable.run(SafeRunnable.java:173)
	at com.salesforce.ide.core.services.hooks.SyncServiceListenerBroadcaster.executeExtension(SyncServiceListenerBroadcaster.java:62)
	at com.salesforce.ide.core.services.hooks.SyncServiceListenerBroadcaster.broadcast(SyncServiceListenerBroadcaster.java:40)
	at com.salesforce.ide.core.model.ProjectPackageList.saveResources(ProjectPackageList.java:1066)
	at com.salesforce.ide.core.model.ProjectPackageList.saveResources(ProjectPackageList.java:1000)
	at com.salesforce.ide.core.services.ProjectService$1.run(ProjectService.java:2153)
	at org.eclipse.core.internal.resources.Workspace.run(Workspace.java:2240)
	at org.eclipse.core.internal.resources.Workspace.run(Workspace.java:2267)
	at com.salesforce.ide.core.services.ProjectService.handleRetrieveResult(ProjectService.java:2149)
	at com.salesforce.ide.ui.actions.RefreshResourceActionController.refreshSourceFolder(RefreshResourceActionController.java:214)
	at com.salesforce.ide.ui.actions.RefreshResourceActionController.handleSourceRefresh(RefreshResourceActionController.java:172)
	at com.salesforce.ide.ui.actions.RefreshResourceActionController.refreshResources(RefreshResourceActionController.java:127)
	at com.salesforce.ide.ui.handlers.RefreshResourceHandler$1.execute(RefreshResourceHandler.java:87)
	at org.eclipse.ui.actions.WorkspaceModifyOperation.lambda$0(WorkspaceModifyOperation.java:107)
	at org.eclipse.core.internal.resources.Workspace.run(Workspace.java:2240)
	at org.eclipse.core.internal.resources.Workspace.run(Workspace.java:2267)
	at org.eclipse.ui.actions.WorkspaceModifyOperation.run(WorkspaceModifyOperation.java:128)
	at org.eclipse.jface.operation.ModalContext$ModalContextThread.run(ModalContext.java:119)
ERROR [2017-08-29 12:33:44,881] (SyncServiceListenerBroadcaster.java:handleException:59) - Error executing a contributed ISyncServiceListener
java.lang.NullPointerException
	at com.salesforce.ide.core.model.ComponentList.getComponentFactory(ComponentList.java:59)
	at com.salesforce.ide.core.model.ComponentList.getComponentListForComponentType(ComponentList.java:261)
	at com.salesforce.ide.debug.ui.sync.SyncActionListener.collectDebuggerElements(SyncActionListener.java:145)
	at com.salesforce.ide.debug.ui.sync.SyncActionListener.collectApexDebuggerElementsWithOpenedEditors(SyncActionListener.java:120)
	at com.salesforce.ide.debug.ui.sync.SyncActionListener.projectSync(SyncActionListener.java:113)
	at com.salesforce.ide.core.services.hooks.SyncServiceListenerBroadcaster$1.run(SyncServiceListenerBroadcaster.java:54)
	at org.eclipse.core.runtime.SafeRunner.run(SafeRunner.java:42)
	at org.eclipse.ui.internal.JFaceUtil$1.run(JFaceUtil.java:50)
	at org.eclipse.jface.util.SafeRunnable.run(SafeRunnable.java:173)
	at com.salesforce.ide.core.services.hooks.SyncServiceListenerBroadcaster.executeExtension(SyncServiceListenerBroadcaster.java:62)
	at com.salesforce.ide.core.services.hooks.SyncServiceListenerBroadcaster.broadcast(SyncServiceListenerBroadcaster.java:40)
	at com.salesforce.ide.core.model.ProjectPackageList.saveResources(ProjectPackageList.java:1066)
	at com.salesforce.ide.core.model.ProjectPackageList.saveResources(ProjectPackageList.java:1000)
	at com.salesforce.ide.core.services.ProjectService$1.run(ProjectService.java:2153)
	at org.eclipse.core.internal.resources.Workspace.run(Workspace.java:2240)
	at org.eclipse.core.internal.resources.Workspace.run(Workspace.java:2267)
	at com.salesforce.ide.core.services.ProjectService.handleRetrieveResult(ProjectService.java:2149)
	at com.salesforce.ide.ui.actions.RefreshResourceActionController.refreshSourceFolder(RefreshResourceActionController.java:214)
	at com.salesforce.ide.ui.actions.RefreshResourceActionController.handleProjectRefresh(RefreshResourceActionController.java:154)
	at com.salesforce.ide.ui.actions.RefreshResourceActionController.refreshResources(RefreshResourceActionController.java:123)
	at com.salesforce.ide.ui.handlers.RefreshResourceHandler$1.execute(RefreshResourceHandler.java:87)
	at org.eclipse.ui.actions.WorkspaceModifyOperation.lambda$0(WorkspaceModifyOperation.java:107)
	at org.eclipse.core.internal.resources.Workspace.run(Workspace.java:2240)
	at org.eclipse.core.internal.resources.Workspace.run(Workspace.java:2267)
	at org.eclipse.ui.actions.WorkspaceModifyOperation.run(WorkspaceModifyOperation.java:128)
	at org.eclipse.jface.operation.ModalContext$ModalContextThread.run(ModalContext.java:119)
 WARN [2017-08-29 12:49:23,495] (DefaultBuilder.java:applyDirtyMarkers:93) - TODO: apply 'Save locally only...' markers on each resource
 WARN [2017-08-29 12:50:05,232] (DefaultBuilder.java:applyDirtyMarkers:93) - TODO: apply 'Save locally only...' markers on each resource
 WARN [2017-08-29 12:56:05,433] (DefaultBuilder.java:applyDirtyMarkers:93) - TODO: apply 'Save locally only...' markers on each resource
 WARN [2017-08-29 12:58:25,894] (DefaultBuilder.java:applyDirtyMarkers:93) - TODO: apply 'Save locally only...' markers on each resource
 WARN [2017-08-29 12:58:28,127] (DefaultBuilder.java:applyDirtyMarkers:93) - TODO: apply 'Save locally only...' markers on each resource
 WARN [2017-08-29 12:58:30,207] (DefaultBuilder.java:applyDirtyMarkers:93) - TODO: apply 'Save locally only...' markers on each resource
 WARN [2017-08-29 12:58:31,292] (DefaultBuilder.java:applyDirtyMarkers:93) - TODO: apply 'Save locally only...' markers on each resource
 WARN [2017-08-29 12:58:33,398] (DefaultBuilder.java:applyDirtyMarkers:93) - TODO: apply 'Save locally only...' markers on each resource
 WARN [2017-08-29 13:05:16,411] (DefaultBuilder.java:applyDirtyMarkers:93) - TODO: apply 'Save locally only...' markers on each resource
 WARN [2017-08-29 13:05:18,056] (DefaultBuilder.java:applyDirtyMarkers:93) - TODO: apply 'Save locally only...' markers on each resource
 WARN [2017-08-29 14:08:30,454] (DefaultBuilder.java:applyDirtyMarkers:93) - TODO: apply 'Save locally only...' markers on each resource
 WARN [2017-08-29 14:18:35,288] (DefaultBuilder.java:applyDirtyMarkers:93) - TODO: apply 'Save locally only...' markers on each resource
 WARN [2017-08-29 14:20:40,962] (DefaultBuilder.java:applyDirtyMarkers:93) - TODO: apply 'Save locally only...' markers on each resource
 WARN [2017-08-29 14:24:10,852] (DefaultBuilder.java:applyDirtyMarkers:93) - TODO: apply 'Save locally only...' markers on each resource
 WARN [2017-08-29 14:30:07,441] (DefaultBuilder.java:applyDirtyMarkers:93) - TODO: apply 'Save locally only...' markers on each resource
 WARN [2017-08-29 14:30:41,219] (DefaultBuilder.java:applyDirtyMarkers:93) - TODO: apply 'Save locally only...' markers on each resource
